<?xml version="1.0" encoding="UTF-8"?>
<!-- Generated by org.testng.reporters.JUnitXMLReporter -->
<testsuite hostname="DESKTOP-6NR16N6" ignored="0" name="Bankingapp Test(failed)(failed)" tests="1" failures="1" timestamp="2020-04-19T19:49:07 NPT" time="56.31" errors="0">
  <testcase name="addNewCustomer" time="30.789" classname="com.inetBanking.testCases.TC_AddCustomer_003">
    <failure type="java.lang.AssertionError" message="expected [true] but found [false]">
      <![CDATA[java.lang.AssertionError: expected [true] but found [false]
at com.inetBanking.testCases.TC_AddCustomer_003.addNewCustomer(TC_AddCustomer_003.java:61)
at java.util.ArrayList.forEach(ArrayList.java:1257)
... Removed 31 stack frames]]>
    </failure>
  </testcase> <!-- addNewCustomer -->
</testsuite> <!-- Bankingapp Test(failed)(failed) -->
